This is pdfTeX, Version 3.1415926-2.4-1.40.13 (TeX Live 2012) (format=pdflatex 2012.6.30)  13 APR 2014 22:20
entering extended mode
 restricted \write18 enabled.
 %&-line parsing enabled.
**all.tex
(./all.tex
LaTeX2e <2011/06/27>
Babel <v3.8m> and hyphenation patterns for english, dumylang, nohyphenation, ge
rman-x-2012-05-30, ngerman-x-2012-05-30, afrikaans, ancientgreek, ibycus, arabi
c, armenian, basque, bulgarian, catalan, pinyin, coptic, croatian, czech, danis
h, dutch, ukenglish, usenglishmax, esperanto, estonian, ethiopic, farsi, finnis
h, french, friulan, galician, german, ngerman, swissgerman, monogreek, greek, h
ungarian, icelandic, assamese, bengali, gujarati, hindi, kannada, malayalam, ma
rathi, oriya, panjabi, tamil, telugu, indonesian, interlingua, irish, italian, 
kurmanji, latin, latvian, lithuanian, mongolian, mongolianlmc, bokmal, nynorsk,
 polish, portuguese, romanian, romansh, russian, sanskrit, serbian, serbianc, s
lovak, slovenian, spanish, swedish, turkish, turkmen, ukrainian, uppersorbian, 
welsh, loaded.
(/usr/local/texlive/2012/texmf-dist/tex/latex/base/article.cls
Document Class: article 2007/10/19 v1.4h Standard LaTeX document class
(/usr/local/texlive/2012/texmf-dist/tex/latex/base/size10.clo
File: size10.clo 2007/10/19 v1.4h Standard LaTeX file (size option)
)
\c@part=\count79
\c@section=\count80
\c@subsection=\count81
\c@subsubsection=\count82
\c@paragraph=\count83
\c@subparagraph=\count84
\c@figure=\count85
\c@table=\count86
\abovecaptionskip=\skip41
\belowcaptionskip=\skip42
\bibindent=\dimen102
)
(/usr/local/texlive/2012/texmf-dist/tex/latex/parskip/parskip.sty
Package: parskip 2001/04/09 non-zero parskip adjustments
)
(/usr/local/texlive/2012/texmf-dist/tex/latex/graphics/color.sty
Package: color 2005/11/14 v1.0j Standard LaTeX Color (DPC)

(/usr/local/texlive/2012/texmf-dist/tex/latex/latexconfig/color.cfg
File: color.cfg 2007/01/18 v1.5 color configuration of teTeX/TeXLive
)
Package color Info: Driver file: pdftex.def on input line 130.

(/usr/local/texlive/2012/texmf-dist/tex/latex/pdftex-def/pdftex.def
File: pdftex.def 2011/05/27 v0.06d Graphics/color for pdfTeX

(/usr/local/texlive/2012/texmf-dist/tex/generic/oberdiek/infwarerr.sty
Package: infwarerr 2010/04/08 v1.3 Providing info/warning/error messages (HO)
)
(/usr/local/texlive/2012/texmf-dist/tex/generic/oberdiek/ltxcmds.sty
Package: ltxcmds 2011/11/09 v1.22 LaTeX kernel commands for general use (HO)
)
\Gread@gobject=\count87
))
(/usr/local/texlive/2012/texmf-dist/tex/latex/hyperref/hyperref.sty
Package: hyperref 2012/05/13 v6.82q Hypertext links for LaTeX

(/usr/local/texlive/2012/texmf-dist/tex/generic/oberdiek/hobsub-hyperref.sty
Package: hobsub-hyperref 2012/05/28 v1.13 Bundle oberdiek, subset hyperref (HO)


(/usr/local/texlive/2012/texmf-dist/tex/generic/oberdiek/hobsub-generic.sty
Package: hobsub-generic 2012/05/28 v1.13 Bundle oberdiek, subset generic (HO)
Package: hobsub 2012/05/28 v1.13 Construct package bundles (HO)
Package hobsub Info: Skipping package `infwarerr' (already loaded).
Package hobsub Info: Skipping package `ltxcmds' (already loaded).
Package: ifluatex 2010/03/01 v1.3 Provides the ifluatex switch (HO)
Package ifluatex Info: LuaTeX not detected.
Package: ifvtex 2010/03/01 v1.5 Detect VTeX and its facilities (HO)
Package ifvtex Info: VTeX not detected.
Package: intcalc 2007/09/27 v1.1 Expandable calculations with integers (HO)
Package: ifpdf 2011/01/30 v2.3 Provides the ifpdf switch (HO)
Package ifpdf Info: pdfTeX in PDF mode is detected.
Package: etexcmds 2011/02/16 v1.5 Avoid name clashes with e-TeX commands (HO)
Package etexcmds Info: Could not find \expanded.
(etexcmds)             That can mean that you are not using pdfTeX 1.50 or
(etexcmds)             that some package has redefined \expanded.
(etexcmds)             In the latter case, load this package earlier.
Package: kvsetkeys 2012/04/25 v1.16 Key value parser (HO)
Package: kvdefinekeys 2011/04/07 v1.3 Define keys (HO)
Package: pdftexcmds 2011/11/29 v0.20 Utility functions of pdfTeX for LuaTeX (HO
)
Package pdftexcmds Info: LuaTeX not detected.
Package pdftexcmds Info: \pdf@primitive is available.
Package pdftexcmds Info: \pdf@ifprimitive is available.
Package pdftexcmds Info: \pdfdraftmode found.
Package: pdfescape 2011/11/25 v1.13 Implements pdfTeX's escape features (HO)
Package: bigintcalc 2012/04/08 v1.3 Expandable calculations on big integers (HO
)
Package: bitset 2011/01/30 v1.1 Handle bit-vector datatype (HO)
Package: uniquecounter 2011/01/30 v1.2 Provide unlimited unique counter (HO)
)
Package hobsub Info: Skipping package `hobsub' (already loaded).
Package: letltxmacro 2010/09/02 v1.4 Let assignment for LaTeX macros (HO)
Package: hopatch 2012/05/28 v1.2 Wrapper for package hooks (HO)
Package: xcolor-patch 2011/01/30 xcolor patch
Package: atveryend 2011/06/30 v1.8 Hooks at the very end of document (HO)
Package atveryend Info: \enddocument detected (standard20110627).
Package: atbegshi 2011/10/05 v1.16 At begin shipout hook (HO)
Package: refcount 2011/10/16 v3.4 Data extraction from label references (HO)
Package: hycolor 2011/01/30 v1.7 Color options for hyperref/bookmark (HO)
)
(/usr/local/texlive/2012/texmf-dist/tex/latex/graphics/keyval.sty
Package: keyval 1999/03/16 v1.13 key=value parser (DPC)
\KV@toks@=\toks14
)
(/usr/local/texlive/2012/texmf-dist/tex/generic/ifxetex/ifxetex.sty
Package: ifxetex 2010/09/12 v0.6 Provides ifxetex conditional
)
(/usr/local/texlive/2012/texmf-dist/tex/latex/oberdiek/kvoptions.sty
Package: kvoptions 2011/06/30 v3.11 Key value format for package options (HO)
)
\@linkdim=\dimen103
\Hy@linkcounter=\count88
\Hy@pagecounter=\count89

(/usr/local/texlive/2012/texmf-dist/tex/latex/hyperref/pd1enc.def
File: pd1enc.def 2012/05/13 v6.82q Hyperref: PDFDocEncoding definition (HO)
)
\Hy@SavedSpaceFactor=\count90

(/usr/local/texlive/2012/texmf-dist/tex/latex/latexconfig/hyperref.cfg
File: hyperref.cfg 2002/06/06 v1.2 hyperref configuration of TeXLive
)
Package hyperref Info: Hyper figures OFF on input line 4062.
Package hyperref Info: Link nesting OFF on input line 4067.
Package hyperref Info: Hyper index ON on input line 4070.
Package hyperref Info: Plain pages OFF on input line 4077.
Package hyperref Info: Backreferencing OFF on input line 4082.
Package hyperref Info: Implicit mode ON; LaTeX internals redefined.
Package hyperref Info: Bookmarks ON on input line 4300.
\c@Hy@tempcnt=\count91

(/Users/corkep/Library/texmf/tex/latex/url.sty
Package: url 1999/03/02  ver 1.4  Verb mode for urls, email addresses, and file
 names
)
LaTeX Info: Redefining \url on input line 4653.
\Fld@menulength=\count92
\Field@Width=\dimen104
\Fld@charsize=\dimen105
Package hyperref Info: Hyper figures OFF on input line 5773.
Package hyperref Info: Link nesting OFF on input line 5778.
Package hyperref Info: Hyper index ON on input line 5781.
Package hyperref Info: backreferencing OFF on input line 5788.
Package hyperref Info: Link coloring OFF on input line 5793.
Package hyperref Info: Link coloring with OCG OFF on input line 5798.
Package hyperref Info: PDF/A mode OFF on input line 5803.
LaTeX Info: Redefining \ref on input line 5843.
LaTeX Info: Redefining \pageref on input line 5847.
\Hy@abspage=\count93
\c@Item=\count94
\c@Hfootnote=\count95
)

Package hyperref Message: Driver (autodetected): hpdftex.

(/usr/local/texlive/2012/texmf-dist/tex/latex/hyperref/hpdftex.def
File: hpdftex.def 2012/05/13 v6.82q Hyperref driver for pdfTeX
\Fld@listcount=\count96
\c@bookmark@seq@number=\count97

(/usr/local/texlive/2012/texmf-dist/tex/latex/oberdiek/rerunfilecheck.sty
Package: rerunfilecheck 2011/04/15 v1.7 Rerun checks for auxiliary files (HO)
Package uniquecounter Info: New unique counter `rerunfilecheck' on input line 2
82.
)
\Hy@SectionHShift=\skip43
)
(/usr/local/texlive/2012/texmf-dist/tex/latex/sectsty/sectsty.sty
Package: sectsty 2002/02/25 v2.0.2 Commands to change all sectional heading sty
les
)
(/usr/local/texlive/2012/texmf-dist/tex/latex/fancyvrb/fancyvrb.sty
Package: fancyvrb 2008/02/07

Style option: `fancyvrb' v2.7a, with DG/SPQR fixes, and firstline=lastline fix 
<2008/02/07> (tvz)
\FV@CodeLineNo=\count98
\FV@InFile=\read1
\FV@TabBox=\box26
\c@FancyVerbLine=\count99
\FV@StepNumber=\count100
\FV@OutFile=\write3
) (./all.aux)
\openout1 = `all.aux'.

LaTeX Font Info:    Checking defaults for OML/cmm/m/it on input line 21.
LaTeX Font Info:    ... okay on input line 21.
LaTeX Font Info:    Checking defaults for T1/cmr/m/n on input line 21.
LaTeX Font Info:    ... okay on input line 21.
LaTeX Font Info:    Checking defaults for OT1/cmr/m/n on input line 21.
LaTeX Font Info:    ... okay on input line 21.
LaTeX Font Info:    Checking defaults for OMS/cmsy/m/n on input line 21.
LaTeX Font Info:    ... okay on input line 21.
LaTeX Font Info:    Checking defaults for OMX/cmex/m/n on input line 21.
LaTeX Font Info:    ... okay on input line 21.
LaTeX Font Info:    Checking defaults for U/cmr/m/n on input line 21.
LaTeX Font Info:    ... okay on input line 21.
LaTeX Font Info:    Checking defaults for PD1/pdf/m/n on input line 21.
LaTeX Font Info:    ... okay on input line 21.

(/usr/local/texlive/2012/texmf-dist/tex/context/base/supp-pdf.mkii
[Loading MPS to PDF converter (version 2006.09.02).]
\scratchcounter=\count101
\scratchdimen=\dimen106
\scratchbox=\box27
\nofMPsegments=\count102
\nofMParguments=\count103
\everyMPshowfont=\toks15
\MPscratchCnt=\count104
\MPscratchDim=\dimen107
\MPnumerator=\count105
\makeMPintoPDFobject=\count106
\everyMPtoPDFconversion=\toks16
)
\AtBeginShipoutBox=\box28
Package hyperref Info: Link coloring OFF on input line 21.
 (/usr/local/texlive/2012/texmf-dist/tex/latex/hyperref/nameref.sty
Package: nameref 2010/04/30 v2.40 Cross-referencing by name of section

(/usr/local/texlive/2012/texmf-dist/tex/generic/oberdiek/gettitlestring.sty
Package: gettitlestring 2010/12/03 v1.4 Cleanup title references (HO)
)
\c@section@level=\count107
)
LaTeX Info: Redefining \ref on input line 21.
LaTeX Info: Redefining \pageref on input line 21.
LaTeX Info: Redefining \nameref on input line 21.

(./all.out) (./all.out)
\@outlinefile=\write4
\openout4 = `all.out'.

LaTeX Font Info:    External font `cmex10' loaded for size
(Font)              <7> on input line 37.
LaTeX Font Info:    External font `cmex10' loaded for size
(Font)              <5> on input line 37.

Overfull \hbox (98.78328pt too wide) in paragraph at lines 37--80
[] 
 []

[1

{/usr/local/texlive/2012/texmf-var/fonts/map/pdftex/updmap/pdftex.map}]
Overfull \hbox (73.21097pt too wide) in paragraph at lines 96--103
[]
 []

[2]
Overfull \hbox (12.77086pt too wide) in paragraph at lines 158--160
[]\OT1/cmr/bx/n/10 H \OT1/cmr/m/n/10 = V.[]\OT1/cmr/bx/n/10 gethandle[]\OT1/cmr
/m/n/10 (\OT1/cmr/bx/n/10 fmt\OT1/cmr/m/n/10 , \OT1/cmr/bx/n/10 ar-glist\OT1/cm
r/m/n/10 ) as above but the name is formed from sprintf(\OT1/cmr/bx/n/10 fmt\OT
1/cmr/m/n/10 ,
 []

[3]
Overfull \hbox (9.11852pt too wide) in paragraph at lines 181--183
\OT1/cmr/m/n/10 V.[]\OT1/cmr/bx/n/10 getobjparam[]bool[]\OT1/cmr/m/n/10 (\OT1/c
mr/bx/n/10 H\OT1/cmr/m/n/10 , \OT1/cmr/bx/n/10 param\OT1/cmr/m/n/10 ) gets the 
float pa-ram-e-ter with iden-ti-fier \OT1/cmr/bx/n/10 param
 []


Overfull \hbox (11.43799pt too wide) in paragraph at lines 189--191
\OT1/cmr/m/n/10 V.[]\OT1/cmr/bx/n/10 getobjparam[]int[]\OT1/cmr/m/n/10 (\OT1/cm
r/bx/n/10 H\OT1/cmr/m/n/10 , \OT1/cmr/bx/n/10 param\OT1/cmr/m/n/10 ) gets the i
n-te-ger pa-ram-e-ter with iden-ti-fier \OT1/cmr/bx/n/10 param
 []

[4] [5] [6] [7] [8] [9] [10]
LaTeX Font Info:    Try loading font information for OT1+pcr on input line 492.


(/usr/local/texlive/2012/texmf-dist/tex/latex/psnfss/ot1pcr.fd
File: ot1pcr.fd 2001/06/04 font definitions for OT1/pcr.
)

LaTeX Font Warning: Font shape `OT1/pcr/c/n' undefined
(Font)              using `OT1/pcr/m/n' instead on input line 492.


Overfull \hbox (55.43317pt too wide) in paragraph at lines 500--505
[] 
 []


Overfull \hbox (59.07204pt too wide) in paragraph at lines 506--515
[]
 []


Overfull \hbox (97.7277pt too wide) in paragraph at lines 517--522
[] 
 []

[11]
Overfull \hbox (25.98865pt too wide) in paragraph at lines 523--526
[] 
 []


Overfull \hbox (53.62761pt too wide) in paragraph at lines 540--543
[] 
 []

LaTeX Font Info:    Try loading font information for OMS+cmr on input line 545.

(/usr/local/texlive/2012/texmf-dist/tex/latex/base/omscmr.fd
File: omscmr.fd 1999/05/25 v2.5h Standard LaTeX font definitions
)
LaTeX Font Info:    Font shape `OMS/cmr/m/n' in size <10> not available
(Font)              Font shape `OMS/cmsy/m/n' tried instead on input line 545.
 [12]
Overfull \hbox (62.5165pt too wide) in paragraph at lines 564--569
[] 
 []


Overfull \hbox (57.73868pt too wide) in paragraph at lines 598--602
[] 
 []

[13]
Overfull \hbox (75.57207pt too wide) in paragraph at lines 634--640
[] 
 []


Overfull \hbox (59.07204pt too wide) in paragraph at lines 641--650
[]
 []

[14]
Overfull \hbox (97.7277pt too wide) in paragraph at lines 652--657
[] 
 []


Overfull \hbox (25.98865pt too wide) in paragraph at lines 658--661
[] 
 []


Overfull \hbox (82.46098pt too wide) in paragraph at lines 675--680
[] 
 []

[15]
Overfull \hbox (44.62758pt too wide) in paragraph at lines 725--728
[] 
 []

[16] [17]
Overfull \hbox (97.7277pt too wide) in paragraph at lines 782--787
[] 
 []

[18] [19]
Overfull \hbox (59.07204pt too wide) in paragraph at lines 871--879
[] 
 []


Overfull \hbox (97.7277pt too wide) in paragraph at lines 880--889
[]
 []


Overfull \hbox (51.04427pt too wide) in paragraph at lines 880--889
[] 
 []

[20] [21]
Overfull \hbox (9.80351pt too wide) in paragraph at lines 977--979
[]\OT1/cmr/m/n/10 V.[]\OT1/cmr/bx/n/10 setpose[]\OT1/cmr/m/n/10 (\OT1/cmr/bx/n/
10 T\OT1/cmr/m/n/10 , \OT1/cmr/bx/n/10 base\OT1/cmr/m/n/10 ) as above but pose 
is set rel-a-tive to the pose of the []\OT1/cmr/bx/n/10 VREP[]obj[]
 []

Package atveryend Info: Empty hook `BeforeClearDocument' on input line 982.
[22]
Package atveryend Info: Empty hook `AfterLastShipout' on input line 982.
 (./all.aux)
Package atveryend Info: Executing hook `AtVeryEndDocument' on input line 982.
Package atveryend Info: Executing hook `AtEndAfterFileList' on input line 982.


Package rerunfilecheck Warning: File `all.out' has changed.
(rerunfilecheck)                Rerun to get outlines right
(rerunfilecheck)                or use package `bookmark'.

Package rerunfilecheck Info: Checksums for `all.out':
(rerunfilecheck)             Before: A808B9026C3CE29A8D8C08FE339DDBB5;241
(rerunfilecheck)             After:  CD90C2E9532715DCC84C23413F3155AE;241.

LaTeX Font Warning: Some font shapes were not available, defaults substituted.

Package atveryend Info: Empty hook `AtVeryVeryEnd' on input line 982.
 ) 
Here is how much of TeX's memory you used:
 5508 strings out of 493488
 81586 string characters out of 3141326
 163696 words of memory out of 3000000
 8515 multiletter control sequences out of 15000+200000
 6865 words of font info for 25 fonts, out of 3000000 for 9000
 957 hyphenation exceptions out of 8191
 29i,9n,21p,275b,368s stack positions out of 5000i,500n,10000p,200000b,50000s
pdfTeX warning (dest): name{idisp} has been referenced but does not exist, re
placed by a fixed one

pdfTeX warning (dest): name{SerialLink.plot} has been referenced but does not e
xist, replaced by a fixed one

pdfTeX warning (dest): name{vrep_mirror} has been referenced but does not exist
, replaced by a fixed one

pdfTeX warning (dest): name{vrep_youbot} has been referenced but does not exist
, replaced by a fixed one

pdfTeX warning (dest): name{vrep_mobile} has been referenced but does not exist
, replaced by a fixed one

pdfTeX warning (dest): name{vrep_hokuyo} has been referenced but does not exist
, replaced by a fixed one

pdfTeX warning (dest): name{vrep_camera} has been referenced but does not exist
, replaced by a fixed one

pdfTeX warning (dest): name{vrep_arm} has been referenced but does not exist, r
eplaced by a fixed one

pdfTeX warning (dest): name{vrep_obj} has been referenced but does not exist, r
eplaced by a fixed one

{/usr/local/texlive/2012/texmf-dist/fonts/enc/dvips/base/8r.enc}</usr/local/tex
live/2012/texmf-dist/fonts/type1/public/amsfonts/cm/cmbx10.pfb></usr/local/texl
ive/2012/texmf-dist/fonts/type1/public/amsfonts/cm/cmmi10.pfb></usr/local/texli
ve/2012/texmf-dist/fonts/type1/public/amsfonts/cm/cmr10.pfb></usr/local/texlive
/2012/texmf-dist/fonts/type1/public/amsfonts/cm/cmssbx10.pfb></usr/local/texliv
e/2012/texmf-dist/fonts/type1/public/amsfonts/cm/cmsy10.pfb></usr/local/texlive
/2012/texmf-dist/fonts/type1/urw/courier/ucrr8a.pfb>
Output written on all.pdf (22 pages, 120729 bytes).
PDF statistics:
 510 PDF objects out of 1000 (max. 8388607)
 475 compressed objects within 5 object streams
 289 named destinations out of 1000 (max. 500000)
 41 words of extra memory for PDF output out of 10000 (max. 10000000)

